{
  message: 'Old data in replica deleted successfully..',
  level: 'info',
  timestamp: '2025-11-25T14:24:20.043Z'
}
{
  message: 'Data Fetched from the master favourties schema successfully..',
  level: 'info',
  timestamp: '2025-11-25T14:24:20.079Z'
}
{
  message: 'Data replicated to replicaiton favourties schema successfully..',
  level: 'info',
  timestamp: '2025-11-25T14:24:20.118Z'
}
{
  message: 'Old data in replica deleted successfully..',
  level: 'info',
  timestamp: '2025-11-25T14:24:30.085Z'
}
{
  message: 'Data Fetched from the master favourties schema successfully..',
  level: 'info',
  timestamp: '2025-11-25T14:24:30.119Z'
}
{
  message: 'Data replicated to replicaiton favourties schema successfully..',
  level: 'info',
  timestamp: '2025-11-25T14:24:30.222Z'
}
{
  message: 'Old data in replica deleted successfully..',
  level: 'info',
  timestamp: '2025-11-25T14:24:40.047Z'
}
{
  message: 'Data Fetched from the master favourties schema successfully..',
  level: 'info',
  timestamp: '2025-11-25T14:24:40.075Z'
}
{
  message: 'Data replicated to replicaiton favourties schema successfully..',
  level: 'info',
  timestamp: '2025-11-25T14:24:40.104Z'
}
{
  message: 'Old data in replica deleted successfully..',
  level: 'info',
  timestamp: '2025-11-25T14:24:50.041Z'
}
{
  message: 'Data Fetched from the master favourties schema successfully..',
  level: 'info',
  timestamp: '2025-11-25T14:24:50.067Z'
}
{
  message: 'Data replicated to replicaiton favourties schema successfully..',
  level: 'info',
  timestamp: '2025-11-25T14:24:50.095Z'
}
{
  message: 'Old data in replica deleted successfully..',
  level: 'info',
  timestamp: '2025-11-25T14:25:00.121Z'
}
{
  message: 'Data Fetched from the master favourties schema successfully..',
  level: 'info',
  timestamp: '2025-11-25T14:25:00.146Z'
}
{
  message: 'Data replicated to replicaiton favourties schema successfully..',
  level: 'info',
  timestamp: '2025-11-25T14:25:00.187Z'
}
{
  message: 'Old data in replica deleted successfully..',
  level: 'info',
  timestamp: '2025-11-25T14:25:10.059Z'
}
{
  message: 'Data Fetched from the master favourties schema successfully..',
  level: 'info',
  timestamp: '2025-11-25T14:25:10.116Z'
}
{
  message: 'Data replicated to replicaiton favourties schema successfully..',
  level: 'info',
  timestamp: '2025-11-25T14:25:10.171Z'
}
